find_header: checking for sqlite3.h... -------------------- yes

"cc -o conftest -I/usr/local/include/ruby-2.1//amd64-freebsd10 -I/usr/local/include/ruby-2.1//ruby/backward -I/usr/local/include/ruby-2.1/ -I. -I/usr/local/include -isystem /usr/local/include   -O2 -pipe  -isystem /usr/local/include -fstack-protector -fno-strict-aliasing -fPIC conftest.c  -L. -L/usr/local/lib -L.   -L/usr/local/lib -fstack-protector -rdynamic     -lruby21  -lexecinfo -lcrypt -lm -lpthread -L/usr/local/lib  -lc"
checked program was:
/* begin */
1: #include "ruby.h"
2: 
3: int main(int argc, char **argv)
4: {
5:   return 0;
6: }
/* end */

"cpp -I/usr/local/include/ruby-2.1//amd64-freebsd10 -I/usr/local/include/ruby-2.1//ruby/backward -I/usr/local/include/ruby-2.1/ -I. -I/usr/local/include -isystem /usr/local/include   -O2 -pipe  -isystem /usr/local/include -fstack-protector -fno-strict-aliasing -fPIC  conftest.c -o conftest.i"
checked program was:
/* begin */
1: #include "ruby.h"
2: 
3: #include <sqlite3.h>
/* end */

--------------------

find_library: checking for sqlite3_libversion_number() in -lsqlite3... -------------------- yes

"cc -o conftest -I/usr/local/include/ruby-2.1//amd64-freebsd10 -I/usr/local/include/ruby-2.1//ruby/backward -I/usr/local/include/ruby-2.1/ -I. -I/usr/local/include -isystem /usr/local/include   -O2 -pipe  -isystem /usr/local/include -fstack-protector -fno-strict-aliasing -fPIC conftest.c  -L. -L/usr/local/lib -L.   -L/usr/local/lib -fstack-protector -rdynamic     -lruby21 -lsqlite3  -lexecinfo -lcrypt -lm -lpthread -L/usr/local/lib  -lc"
conftest.c:13:57: error: use of undeclared identifier 'sqlite3_libversion_number'
int t(void) { void ((*volatile p)()); p = (void ((*)()))sqlite3_libversion_number; return 0; }
                                                        ^
1 error generated.
checked program was:
/* begin */
 1: #include "ruby.h"
 2: 
 3: /*top*/
 4: extern int t(void);
 5: int main(int argc, char **argv)
 6: {
 7:   if (argc > 1000000) {
 8:     printf("%p", &t);
 9:   }
10: 
11:   return 0;
12: }
13: int t(void) { void ((*volatile p)()); p = (void ((*)()))sqlite3_libversion_number; return 0; }
/* end */

"cc -o conftest -I/usr/local/include/ruby-2.1//amd64-freebsd10 -I/usr/local/include/ruby-2.1//ruby/backward -I/usr/local/include/ruby-2.1/ -I. -I/usr/local/include -isystem /usr/local/include   -O2 -pipe  -isystem /usr/local/include -fstack-protector -fno-strict-aliasing -fPIC conftest.c  -L. -L/usr/local/lib -L.   -L/usr/local/lib -fstack-protector -rdynamic     -lruby21 -lsqlite3  -lexecinfo -lcrypt -lm -lpthread -L/usr/local/lib  -lc"
conftest.c:13:15: warning: implicit declaration of function 'sqlite3_libversion_number' is invalid in C99 [-Wimplicit-function-declaration]
int t(void) { sqlite3_libversion_number(); return 0; }
              ^
1 warning generated.
checked program was:
/* begin */
 1: #include "ruby.h"
 2: 
 3: /*top*/
 4: extern int t(void);
 5: int main(int argc, char **argv)
 6: {
 7:   if (argc > 1000000) {
 8:     printf("%p", &t);
 9:   }
10: 
11:   return 0;
12: }
13: int t(void) { sqlite3_libversion_number(); return 0; }
/* end */

--------------------

have_func: checking for rb_proc_arity()... -------------------- yes

"cc -o conftest -I/usr/local/include/ruby-2.1//amd64-freebsd10 -I/usr/local/include/ruby-2.1//ruby/backward -I/usr/local/include/ruby-2.1/ -I. -I/usr/local/include -isystem /usr/local/include   -O2 -pipe  -isystem /usr/local/include -fstack-protector -fno-strict-aliasing -fPIC conftest.c  -L. -L/usr/local/lib -L.   -L/usr/local/lib -fstack-protector -rdynamic    -lsqlite3  -lruby21 -lsqlite3  -lexecinfo -lcrypt -lm -lpthread -L/usr/local/lib  -lc"
checked program was:
/* begin */
 1: #include "ruby.h"
 2: 
 3: /*top*/
 4: extern int t(void);
 5: int main(int argc, char **argv)
 6: {
 7:   if (argc > 1000000) {
 8:     printf("%p", &t);
 9:   }
10: 
11:   return 0;
12: }
13: int t(void) { void ((*volatile p)()); p = (void ((*)()))rb_proc_arity; return 0; }
/* end */

--------------------

have_func: checking for rb_integer_pack()... -------------------- yes

"cc -o conftest -I/usr/local/include/ruby-2.1//amd64-freebsd10 -I/usr/local/include/ruby-2.1//ruby/backward -I/usr/local/include/ruby-2.1/ -I. -I/usr/local/include -isystem /usr/local/include   -O2 -pipe  -isystem /usr/local/include -fstack-protector -fno-strict-aliasing -fPIC conftest.c  -L. -L/usr/local/lib -L.   -L/usr/local/lib -fstack-protector -rdynamic    -lsqlite3  -lruby21 -lsqlite3  -lexecinfo -lcrypt -lm -lpthread -L/usr/local/lib  -lc"
checked program was:
/* begin */
 1: #include "ruby.h"
 2: 
 3: /*top*/
 4: extern int t(void);
 5: int main(int argc, char **argv)
 6: {
 7:   if (argc > 1000000) {
 8:     printf("%p", &t);
 9:   }
10: 
11:   return 0;
12: }
13: int t(void) { void ((*volatile p)()); p = (void ((*)()))rb_integer_pack; return 0; }
/* end */

--------------------

have_func: checking for sqlite3_initialize()... -------------------- yes

"cc -o conftest -I/usr/local/include/ruby-2.1//amd64-freebsd10 -I/usr/local/include/ruby-2.1//ruby/backward -I/usr/local/include/ruby-2.1/ -I. -I/usr/local/include -isystem /usr/local/include   -O2 -pipe  -isystem /usr/local/include -fstack-protector -fno-strict-aliasing -fPIC conftest.c  -L. -L/usr/local/lib -L.   -L/usr/local/lib -fstack-protector -rdynamic    -lsqlite3  -lruby21 -lsqlite3  -lexecinfo -lcrypt -lm -lpthread -L/usr/local/lib  -lc"
conftest.c:13:57: error: use of undeclared identifier 'sqlite3_initialize'
int t(void) { void ((*volatile p)()); p = (void ((*)()))sqlite3_initialize; return 0; }
                                                        ^
1 error generated.
checked program was:
/* begin */
 1: #include "ruby.h"
 2: 
 3: /*top*/
 4: extern int t(void);
 5: int main(int argc, char **argv)
 6: {
 7:   if (argc > 1000000) {
 8:     printf("%p", &t);
 9:   }
10: 
11:   return 0;
12: }
13: int t(void) { void ((*volatile p)()); p = (void ((*)()))sqlite3_initialize; return 0; }
/* end */

"cc -o conftest -I/usr/local/include/ruby-2.1//amd64-freebsd10 -I/usr/local/include/ruby-2.1//ruby/backward -I/usr/local/include/ruby-2.1/ -I. -I/usr/local/include -isystem /usr/local/include   -O2 -pipe  -isystem /usr/local/include -fstack-protector -fno-strict-aliasing -fPIC conftest.c  -L. -L/usr/local/lib -L.   -L/usr/local/lib -fstack-protector -rdynamic    -lsqlite3  -lruby21 -lsqlite3  -lexecinfo -lcrypt -lm -lpthread -L/usr/local/lib  -lc"
conftest.c:13:15: warning: implicit declaration of function 'sqlite3_initialize' is invalid in C99 [-Wimplicit-function-declaration]
int t(void) { sqlite3_initialize(); return 0; }
              ^
1 warning generated.
checked program was:
/* begin */
 1: #include "ruby.h"
 2: 
 3: /*top*/
 4: extern int t(void);
 5: int main(int argc, char **argv)
 6: {
 7:   if (argc > 1000000) {
 8:     printf("%p", &t);
 9:   }
10: 
11:   return 0;
12: }
13: int t(void) { sqlite3_initialize(); return 0; }
/* end */

--------------------

have_func: checking for sqlite3_backup_init()... -------------------- yes

"cc -o conftest -I/usr/local/include/ruby-2.1//amd64-freebsd10 -I/usr/local/include/ruby-2.1//ruby/backward -I/usr/local/include/ruby-2.1/ -I. -I/usr/local/include -isystem /usr/local/include   -O2 -pipe  -isystem /usr/local/include -fstack-protector -fno-strict-aliasing -fPIC conftest.c  -L. -L/usr/local/lib -L.   -L/usr/local/lib -fstack-protector -rdynamic    -lsqlite3  -lruby21 -lsqlite3  -lexecinfo -lcrypt -lm -lpthread -L/usr/local/lib  -lc"
conftest.c:13:57: error: use of undeclared identifier 'sqlite3_backup_init'
int t(void) { void ((*volatile p)()); p = (void ((*)()))sqlite3_backup_init; return 0; }
                                                        ^
1 error generated.
checked program was:
/* begin */
 1: #include "ruby.h"
 2: 
 3: /*top*/
 4: extern int t(void);
 5: int main(int argc, char **argv)
 6: {
 7:   if (argc > 1000000) {
 8:     printf("%p", &t);
 9:   }
10: 
11:   return 0;
12: }
13: int t(void) { void ((*volatile p)()); p = (void ((*)()))sqlite3_backup_init; return 0; }
/* end */

"cc -o conftest -I/usr/local/include/ruby-2.1//amd64-freebsd10 -I/usr/local/include/ruby-2.1//ruby/backward -I/usr/local/include/ruby-2.1/ -I. -I/usr/local/include -isystem /usr/local/include   -O2 -pipe  -isystem /usr/local/include -fstack-protector -fno-strict-aliasing -fPIC conftest.c  -L. -L/usr/local/lib -L.   -L/usr/local/lib -fstack-protector -rdynamic    -lsqlite3  -lruby21 -lsqlite3  -lexecinfo -lcrypt -lm -lpthread -L/usr/local/lib  -lc"
conftest.c:13:15: warning: implicit declaration of function 'sqlite3_backup_init' is invalid in C99 [-Wimplicit-function-declaration]
int t(void) { sqlite3_backup_init(); return 0; }
              ^
1 warning generated.
checked program was:
/* begin */
 1: #include "ruby.h"
 2: 
 3: /*top*/
 4: extern int t(void);
 5: int main(int argc, char **argv)
 6: {
 7:   if (argc > 1000000) {
 8:     printf("%p", &t);
 9:   }
10: 
11:   return 0;
12: }
13: int t(void) { sqlite3_backup_init(); return 0; }
/* end */

--------------------

have_func: checking for sqlite3_column_database_name()... -------------------- yes

"cc -o conftest -I/usr/local/include/ruby-2.1//amd64-freebsd10 -I/usr/local/include/ruby-2.1//ruby/backward -I/usr/local/include/ruby-2.1/ -I. -I/usr/local/include -isystem /usr/local/include   -O2 -pipe  -isystem /usr/local/include -fstack-protector -fno-strict-aliasing -fPIC conftest.c  -L. -L/usr/local/lib -L.   -L/usr/local/lib -fstack-protector -rdynamic    -lsqlite3  -lruby21 -lsqlite3  -lexecinfo -lcrypt -lm -lpthread -L/usr/local/lib  -lc"
conftest.c:13:57: error: use of undeclared identifier 'sqlite3_column_database_name'
int t(void) { void ((*volatile p)()); p = (void ((*)()))sqlite3_column_database_name; return 0; }
                                                        ^
1 error generated.
checked program was:
/* begin */
 1: #include "ruby.h"
 2: 
 3: /*top*/
 4: extern int t(void);
 5: int main(int argc, char **argv)
 6: {
 7:   if (argc > 1000000) {
 8:     printf("%p", &t);
 9:   }
10: 
11:   return 0;
12: }
13: int t(void) { void ((*volatile p)()); p = (void ((*)()))sqlite3_column_database_name; return 0; }
/* end */

"cc -o conftest -I/usr/local/include/ruby-2.1//amd64-freebsd10 -I/usr/local/include/ruby-2.1//ruby/backward -I/usr/local/include/ruby-2.1/ -I. -I/usr/local/include -isystem /usr/local/include   -O2 -pipe  -isystem /usr/local/include -fstack-protector -fno-strict-aliasing -fPIC conftest.c  -L. -L/usr/local/lib -L.   -L/usr/local/lib -fstack-protector -rdynamic    -lsqlite3  -lruby21 -lsqlite3  -lexecinfo -lcrypt -lm -lpthread -L/usr/local/lib  -lc"
conftest.c:13:15: warning: implicit declaration of function 'sqlite3_column_database_name' is invalid in C99 [-Wimplicit-function-declaration]
int t(void) { sqlite3_column_database_name(); return 0; }
              ^
1 warning generated.
checked program was:
/* begin */
 1: #include "ruby.h"
 2: 
 3: /*top*/
 4: extern int t(void);
 5: int main(int argc, char **argv)
 6: {
 7:   if (argc > 1000000) {
 8:     printf("%p", &t);
 9:   }
10: 
11:   return 0;
12: }
13: int t(void) { sqlite3_column_database_name(); return 0; }
/* end */

--------------------

have_func: checking for sqlite3_enable_load_extension()... -------------------- yes

"cc -o conftest -I/usr/local/include/ruby-2.1//amd64-freebsd10 -I/usr/local/include/ruby-2.1//ruby/backward -I/usr/local/include/ruby-2.1/ -I. -I/usr/local/include -isystem /usr/local/include   -O2 -pipe  -isystem /usr/local/include -fstack-protector -fno-strict-aliasing -fPIC conftest.c  -L. -L/usr/local/lib -L.   -L/usr/local/lib -fstack-protector -rdynamic    -lsqlite3  -lruby21 -lsqlite3  -lexecinfo -lcrypt -lm -lpthread -L/usr/local/lib  -lc"
conftest.c:13:57: error: use of undeclared identifier 'sqlite3_enable_load_extension'
int t(void) { void ((*volatile p)()); p = (void ((*)()))sqlite3_enable_load_extension; return 0; }
                                                        ^
1 error generated.
checked program was:
/* begin */
 1: #include "ruby.h"
 2: 
 3: /*top*/
 4: extern int t(void);
 5: int main(int argc, char **argv)
 6: {
 7:   if (argc > 1000000) {
 8:     printf("%p", &t);
 9:   }
10: 
11:   return 0;
12: }
13: int t(void) { void ((*volatile p)()); p = (void ((*)()))sqlite3_enable_load_extension; return 0; }
/* end */

"cc -o conftest -I/usr/local/include/ruby-2.1//amd64-freebsd10 -I/usr/local/include/ruby-2.1//ruby/backward -I/usr/local/include/ruby-2.1/ -I. -I/usr/local/include -isystem /usr/local/include   -O2 -pipe  -isystem /usr/local/include -fstack-protector -fno-strict-aliasing -fPIC conftest.c  -L. -L/usr/local/lib -L.   -L/usr/local/lib -fstack-protector -rdynamic    -lsqlite3  -lruby21 -lsqlite3  -lexecinfo -lcrypt -lm -lpthread -L/usr/local/lib  -lc"
conftest.c:13:15: warning: implicit declaration of function 'sqlite3_enable_load_extension' is invalid in C99 [-Wimplicit-function-declaration]
int t(void) { sqlite3_enable_load_extension(); return 0; }
              ^
1 warning generated.
checked program was:
/* begin */
 1: #include "ruby.h"
 2: 
 3: /*top*/
 4: extern int t(void);
 5: int main(int argc, char **argv)
 6: {
 7:   if (argc > 1000000) {
 8:     printf("%p", &t);
 9:   }
10: 
11:   return 0;
12: }
13: int t(void) { sqlite3_enable_load_extension(); return 0; }
/* end */

--------------------

have_func: checking for sqlite3_load_extension()... -------------------- yes

"cc -o conftest -I/usr/local/include/ruby-2.1//amd64-freebsd10 -I/usr/local/include/ruby-2.1//ruby/backward -I/usr/local/include/ruby-2.1/ -I. -I/usr/local/include -isystem /usr/local/include   -O2 -pipe  -isystem /usr/local/include -fstack-protector -fno-strict-aliasing -fPIC conftest.c  -L. -L/usr/local/lib -L.   -L/usr/local/lib -fstack-protector -rdynamic    -lsqlite3  -lruby21 -lsqlite3  -lexecinfo -lcrypt -lm -lpthread -L/usr/local/lib  -lc"
conftest.c:13:57: error: use of undeclared identifier 'sqlite3_load_extension'
int t(void) { void ((*volatile p)()); p = (void ((*)()))sqlite3_load_extension; return 0; }
                                                        ^
1 error generated.
checked program was:
/* begin */
 1: #include "ruby.h"
 2: 
 3: /*top*/
 4: extern int t(void);
 5: int main(int argc, char **argv)
 6: {
 7:   if (argc > 1000000) {
 8:     printf("%p", &t);
 9:   }
10: 
11:   return 0;
12: }
13: int t(void) { void ((*volatile p)()); p = (void ((*)()))sqlite3_load_extension; return 0; }
/* end */

"cc -o conftest -I/usr/local/include/ruby-2.1//amd64-freebsd10 -I/usr/local/include/ruby-2.1//ruby/backward -I/usr/local/include/ruby-2.1/ -I. -I/usr/local/include -isystem /usr/local/include   -O2 -pipe  -isystem /usr/local/include -fstack-protector -fno-strict-aliasing -fPIC conftest.c  -L. -L/usr/local/lib -L.   -L/usr/local/lib -fstack-protector -rdynamic    -lsqlite3  -lruby21 -lsqlite3  -lexecinfo -lcrypt -lm -lpthread -L/usr/local/lib  -lc"
conftest.c:13:15: warning: implicit declaration of function 'sqlite3_load_extension' is invalid in C99 [-Wimplicit-function-declaration]
int t(void) { sqlite3_load_extension(); return 0; }
              ^
1 warning generated.
checked program was:
/* begin */
 1: #include "ruby.h"
 2: 
 3: /*top*/
 4: extern int t(void);
 5: int main(int argc, char **argv)
 6: {
 7:   if (argc > 1000000) {
 8:     printf("%p", &t);
 9:   }
10: 
11:   return 0;
12: }
13: int t(void) { sqlite3_load_extension(); return 0; }
/* end */

--------------------

have_func: checking for sqlite3_open_v2()... -------------------- yes

"cc -o conftest -I/usr/local/include/ruby-2.1//amd64-freebsd10 -I/usr/local/include/ruby-2.1//ruby/backward -I/usr/local/include/ruby-2.1/ -I. -I/usr/local/include -isystem /usr/local/include   -O2 -pipe  -isystem /usr/local/include -fstack-protector -fno-strict-aliasing -fPIC conftest.c  -L. -L/usr/local/lib -L.   -L/usr/local/lib -fstack-protector -rdynamic    -lsqlite3  -lruby21 -lsqlite3  -lexecinfo -lcrypt -lm -lpthread -L/usr/local/lib  -lc"
conftest.c:13:57: error: use of undeclared identifier 'sqlite3_open_v2'
int t(void) { void ((*volatile p)()); p = (void ((*)()))sqlite3_open_v2; return 0; }
                                                        ^
1 error generated.
checked program was:
/* begin */
 1: #include "ruby.h"
 2: 
 3: /*top*/
 4: extern int t(void);
 5: int main(int argc, char **argv)
 6: {
 7:   if (argc > 1000000) {
 8:     printf("%p", &t);
 9:   }
10: 
11:   return 0;
12: }
13: int t(void) { void ((*volatile p)()); p = (void ((*)()))sqlite3_open_v2; return 0; }
/* end */

"cc -o conftest -I/usr/local/include/ruby-2.1//amd64-freebsd10 -I/usr/local/include/ruby-2.1//ruby/backward -I/usr/local/include/ruby-2.1/ -I. -I/usr/local/include -isystem /usr/local/include   -O2 -pipe  -isystem /usr/local/include -fstack-protector -fno-strict-aliasing -fPIC conftest.c  -L. -L/usr/local/lib -L.   -L/usr/local/lib -fstack-protector -rdynamic    -lsqlite3  -lruby21 -lsqlite3  -lexecinfo -lcrypt -lm -lpthread -L/usr/local/lib  -lc"
conftest.c:13:15: warning: implicit declaration of function 'sqlite3_open_v2' is invalid in C99 [-Wimplicit-function-declaration]
int t(void) { sqlite3_open_v2(); return 0; }
              ^
1 warning generated.
checked program was:
/* begin */
 1: #include "ruby.h"
 2: 
 3: /*top*/
 4: extern int t(void);
 5: int main(int argc, char **argv)
 6: {
 7:   if (argc > 1000000) {
 8:     printf("%p", &t);
 9:   }
10: 
11:   return 0;
12: }
13: int t(void) { sqlite3_open_v2(); return 0; }
/* end */

--------------------

have_func: checking for sqlite3_prepare_v2()... -------------------- yes

"cc -o conftest -I/usr/local/include/ruby-2.1//amd64-freebsd10 -I/usr/local/include/ruby-2.1//ruby/backward -I/usr/local/include/ruby-2.1/ -I. -I/usr/local/include -isystem /usr/local/include   -O2 -pipe  -isystem /usr/local/include -fstack-protector -fno-strict-aliasing -fPIC conftest.c  -L. -L/usr/local/lib -L.   -L/usr/local/lib -fstack-protector -rdynamic    -lsqlite3  -lruby21 -lsqlite3  -lexecinfo -lcrypt -lm -lpthread -L/usr/local/lib  -lc"
conftest.c:13:57: error: use of undeclared identifier 'sqlite3_prepare_v2'
int t(void) { void ((*volatile p)()); p = (void ((*)()))sqlite3_prepare_v2; return 0; }
                                                        ^
1 error generated.
checked program was:
/* begin */
 1: #include "ruby.h"
 2: 
 3: /*top*/
 4: extern int t(void);
 5: int main(int argc, char **argv)
 6: {
 7:   if (argc > 1000000) {
 8:     printf("%p", &t);
 9:   }
10: 
11:   return 0;
12: }
13: int t(void) { void ((*volatile p)()); p = (void ((*)()))sqlite3_prepare_v2; return 0; }
/* end */

"cc -o conftest -I/usr/local/include/ruby-2.1//amd64-freebsd10 -I/usr/local/include/ruby-2.1//ruby/backward -I/usr/local/include/ruby-2.1/ -I. -I/usr/local/include -isystem /usr/local/include   -O2 -pipe  -isystem /usr/local/include -fstack-protector -fno-strict-aliasing -fPIC conftest.c  -L. -L/usr/local/lib -L.   -L/usr/local/lib -fstack-protector -rdynamic    -lsqlite3  -lruby21 -lsqlite3  -lexecinfo -lcrypt -lm -lpthread -L/usr/local/lib  -lc"
conftest.c:13:15: warning: implicit declaration of function 'sqlite3_prepare_v2' is invalid in C99 [-Wimplicit-function-declaration]
int t(void) { sqlite3_prepare_v2(); return 0; }
              ^
1 warning generated.
checked program was:
/* begin */
 1: #include "ruby.h"
 2: 
 3: /*top*/
 4: extern int t(void);
 5: int main(int argc, char **argv)
 6: {
 7:   if (argc > 1000000) {
 8:     printf("%p", &t);
 9:   }
10: 
11:   return 0;
12: }
13: int t(void) { sqlite3_prepare_v2(); return 0; }
/* end */

--------------------

have_type: checking for sqlite3_int64 in sqlite3.h... -------------------- yes

"cc -I/usr/local/include/ruby-2.1//amd64-freebsd10 -I/usr/local/include/ruby-2.1//ruby/backward -I/usr/local/include/ruby-2.1/ -I. -I/usr/local/include -isystem /usr/local/include   -O2 -pipe  -isystem /usr/local/include -fstack-protector -fno-strict-aliasing -fPIC   -c conftest.c"
checked program was:
/* begin */
1: #include "ruby.h"
2: 
3: #include <sqlite3.h>
4: 
5: /*top*/
6: typedef sqlite3_int64 conftest_type;
7: int conftestval[sizeof(conftest_type)?1:-1];
/* end */

--------------------

have_type: checking for sqlite3_uint64 in sqlite3.h... -------------------- yes

"cc -I/usr/local/include/ruby-2.1//amd64-freebsd10 -I/usr/local/include/ruby-2.1//ruby/backward -I/usr/local/include/ruby-2.1/ -I. -I/usr/local/include -isystem /usr/local/include   -O2 -pipe  -isystem /usr/local/include -fstack-protector -fno-strict-aliasing -fPIC   -c conftest.c"
checked program was:
/* begin */
1: #include "ruby.h"
2: 
3: #include <sqlite3.h>
4: 
5: /*top*/
6: typedef sqlite3_uint64 conftest_type;
7: int conftestval[sizeof(conftest_type)?1:-1];
/* end */

--------------------

